2022-04-04 13:46:16  [DriverFactory] (TestNG-PoolService-6:) Setting browser value
2022-04-04 13:46:18  [DriverFactory] (TestNG-PoolService-5:) Setting browser value
2022-04-04 13:46:18  [DriverFactory] (TestNG-PoolService-2:) Setting browser value
2022-04-04 13:46:18  [DriverFactory] (TestNG-PoolService-8:) Setting browser value
2022-04-04 13:46:18  [DriverFactory] (TestNG-PoolService-1:) Setting browser value
2022-04-04 13:46:19  [DriverFactory] (TestNG-PoolService-3:) Setting browser value
2022-04-04 13:46:19  [DriverFactory] (TestNG-PoolService-4:) Setting browser value
2022-04-04 13:46:19  [DriverFactory] (TestNG-PoolService-7:) Setting browser value
2022-04-04 13:46:19  [DriverFactory] (TestNG-PoolService-0:) Setting browser value
2022-04-04 13:46:19  [ApplicationHooks] (TestNG-PoolService-6:) Launching browser
2022-04-04 13:46:20  [ApplicationHooks] (TestNG-PoolService-5:) Launching browser
2022-04-04 13:46:20  [ApplicationHooks] (TestNG-PoolService-8:) Launching browser
2022-04-04 13:46:20  [ApplicationHooks] (TestNG-PoolService-1:) Launching browser
2022-04-04 13:46:20  [ApplicationHooks] (TestNG-PoolService-2:) Launching browser
2022-04-04 13:46:20  [ApplicationHooks] (TestNG-PoolService-7:) Launching browser
2022-04-04 13:46:20  [ApplicationHooks] (TestNG-PoolService-3:) Launching browser
2022-04-04 13:46:20  [ApplicationHooks] (TestNG-PoolService-4:) Launching browser
2022-04-04 13:46:20  [ApplicationHooks] (TestNG-PoolService-0:) Launching browser
2022-04-04 13:46:25  [ApplicationHooks] (TestNG-PoolService-3:) Entering the url.....
2022-04-04 13:46:25  [ApplicationHooks] (TestNG-PoolService-1:) Entering the url.....
2022-04-04 13:46:25  [ApplicationHooks] (TestNG-PoolService-7:) Entering the url.....
2022-04-04 13:46:25  [ApplicationHooks] (TestNG-PoolService-8:) Entering the url.....
2022-04-04 13:46:26  [ApplicationHooks] (TestNG-PoolService-6:) Entering the url.....
2022-04-04 13:46:26  [ApplicationHooks] (TestNG-PoolService-4:) Entering the url.....
2022-04-04 13:46:26  [ApplicationHooks] (TestNG-PoolService-5:) Entering the url.....
2022-04-04 13:46:26  [ApplicationHooks] (TestNG-PoolService-0:) Entering the url.....
2022-04-04 13:46:26  [ApplicationHooks] (TestNG-PoolService-2:) Entering the url.....
2022-04-04 13:46:28  [dashboard_page] (TestNG-PoolService-3:) Successfully landed on the application
2022-04-04 13:46:28  [dashboard_page] (TestNG-PoolService-1:) Successfully landed on the application
2022-04-04 13:46:28  [dashboard_page] (TestNG-PoolService-1:) My Profile link exists on the dashboard
2022-04-04 13:46:28  [dashboard_page] (TestNG-PoolService-8:) Successfully landed on the application
2022-04-04 13:46:28  [dashboard_page] (TestNG-PoolService-1:) My Profile link is enabled on the dashboard
2022-04-04 13:46:28  [dashboard_page] (TestNG-PoolService-1:) Testcase Validate_My_Profile passed
2022-04-04 13:46:28  [dashboard_page] (TestNG-PoolService-7:) Successfully landed on the application
2022-04-04 13:46:29  [dashboard_page] (TestNG-PoolService-6:) Successfully landed on the application
2022-04-04 13:46:29  [dashboard_page] (TestNG-PoolService-4:) Successfully landed on the application
2022-04-04 13:46:29  [dashboard_page] (TestNG-PoolService-6:) Testcase Validate Find your car , popular ,Just launched,upcoming static elements appear in home page is passed
2022-04-04 13:46:29  [dashboard_page] (TestNG-PoolService-5:) Successfully landed on the application
2022-04-04 13:46:29  [dashboard_page] (TestNG-PoolService-0:) Successfully landed on the application
2022-04-04 13:46:29  [dashboard_page] (TestNG-PoolService-0:) Navigating to car listing page
2022-04-04 13:46:29  [dashboard_page] (TestNG-PoolService-2:) Successfully landed on the application
2022-04-04 13:46:31  [dashboard_page] (TestNG-PoolService-2:) Search bar is validated
2022-04-04 13:46:31  [ApplicationHooks] (TestNG-PoolService-1:) closing the browser
2022-04-04 13:46:32  [dashboard_page] (TestNG-PoolService-3:) Number of footer links aretrue
2022-04-04 13:46:32  [dashboard_page] (TestNG-PoolService-3:) Testcase Validate Footer link validation is pass
2022-04-04 13:46:32  [ApplicationHooks] (TestNG-PoolService-6:) closing the browser
2022-04-04 13:46:32  [dashboard_page] (TestNG-PoolService-0:) Testcase Validate Car listing is pass
2022-04-04 13:46:34  [dashboard_page] (TestNG-PoolService-7:) Testcase Validate the on click of logo , user is taken to homepage is passed
2022-04-04 13:46:35  [ApplicationHooks] (TestNG-PoolService-3:) closing the browser
2022-04-04 13:46:36  [ApplicationHooks] (TestNG-PoolService-0:) closing the browser
2022-04-04 13:46:37  [ApplicationHooks] (TestNG-PoolService-4:) closing the browser
2022-04-04 13:46:37  [ApplicationHooks] (TestNG-PoolService-5:) closing the browser
2022-04-04 13:46:37  [ApplicationHooks] (TestNG-PoolService-7:) closing the browser
2022-04-04 13:46:43  [ApplicationHooks] (TestNG-PoolService-8:) closing the browser
2022-04-04 13:47:02  [dashboard_page] (TestNG-PoolService-2:) Testcase Validate Search functionality is failed
2022-04-04 13:47:02  [dashboard_page] (TestNG-PoolService-2:) org.openqa.selenium.TimeoutException: Expected condition failed: waiting for visibility of element located by By.xpath: //*[text()='SEARCH'])[2]) (tried for 30 second(s) with 500 milliseconds interval)
2022-04-04 13:47:02  [ApplicationHooks] (TestNG-PoolService-2:) ScreenValidate_Search_functionality
2022-04-04 13:47:06  [ApplicationHooks] (TestNG-PoolService-2:) closing the browser
